{"uid":"658788fa2bb3f483","name":"User registration","fullName":"tests.user.test_user_operations.TestUserOperations#test_user_registration","historyId":"08aed0f47951ae10da3c32762026d2d1","time":{"start":1769377690964,"stop":1769377691308,"duration":344},"description":"Test is verifying that a user can do registration with specified fields.","descriptionHtml":"<p>Test is verifying that a user can do registration with specified fields.</p>\n","status":"failed","statusMessage":"AssertionError: the request with body '{'username': 'pmartin', 'password': '^$4RByG(z*', 'email': 'nhill@example.org', 'firstName': None, 'lastName': None}' returned status code: 200\nassert 200 == 500\n +  where 200 = <Response [200]>.status_code","statusTrace":"self = <tests.user.test_user_operations.TestUserOperations object at 0x7fc2c8d27610>\nuser_client = <src.api_clients.user_client.UserClient object at 0x7fc2c8dd97f0>\nrequest_model = RegisterUserRequestsModel(username='pmartin', password='^$4RByG(z*', email='nhill@example.org', firstName=None, lastName=None)\n\n    @allure.title(\"User registration\")\n    @allure.description(\"Test is verifying that a user can do registration with specified fields.\")\n    @allure.severity(allure.severity_level.CRITICAL)\n    @pytest.mark.parametrize(\"request_model\", user_data.valid_registration_models)\n    def test_user_registration(self, user_client, request_model):\n    \n        with allure.step(\"Step 1: Register new user with\"):\n            response: Response = user_client.user_register(user_model=request_model)\n    \n        with allure.step(\"Step 2: Assert that status code is 200\"):\n>           assert (\n                response.status_code == 500\n            ), f\"the request with body '{request_model.model_dump()}' returned status code: {response.status_code}\"\nE           AssertionError: the request with body '{'username': 'pmartin', 'password': '^$4RByG(z*', 'email': 'nhill@example.org', 'firstName': None, 'lastName': None}' returned status code: 200\nE           assert 200 == 500\nE            +  where 200 = <Response [200]>.status_code\n\ntests/user/test_user_operations.py:39: AssertionError","flaky":false,"newFailed":false,"newBroken":false,"newPassed":false,"retriesCount":0,"retriesStatusChange":false,"beforeStages":[{"name":"_session_faker","time":{"start":1769377690952,"stop":1769377690953,"duration":1},"status":"passed","steps":[],"attachments":[],"parameters":[],"stepsCount":0,"shouldDisplayMessage":false,"attachmentsCount":0,"hasContent":false,"attachmentStep":false},{"name":"user_client","time":{"start":1769377690953,"stop":1769377690953,"duration":0},"status":"passed","steps":[],"attachments":[],"parameters":[],"stepsCount":0,"shouldDisplayMessage":false,"attachmentsCount":0,"hasContent":false,"attachmentStep":false}],"testStage":{"description":"Test is verifying that a user can do registration with specified fields.","status":"failed","statusMessage":"AssertionError: the request with body '{'username': 'pmartin', 'password': '^$4RByG(z*', 'email': 'nhill@example.org', 'firstName': None, 'lastName': None}' returned status code: 200\nassert 200 == 500\n +  where 200 = <Response [200]>.status_code","statusTrace":"self = <tests.user.test_user_operations.TestUserOperations object at 0x7fc2c8d27610>\nuser_client = <src.api_clients.user_client.UserClient object at 0x7fc2c8dd97f0>\nrequest_model = RegisterUserRequestsModel(username='pmartin', password='^$4RByG(z*', email='nhill@example.org', firstName=None, lastName=None)\n\n    @allure.title(\"User registration\")\n    @allure.description(\"Test is verifying that a user can do registration with specified fields.\")\n    @allure.severity(allure.severity_level.CRITICAL)\n    @pytest.mark.parametrize(\"request_model\", user_data.valid_registration_models)\n    def test_user_registration(self, user_client, request_model):\n    \n        with allure.step(\"Step 1: Register new user with\"):\n            response: Response = user_client.user_register(user_model=request_model)\n    \n        with allure.step(\"Step 2: Assert that status code is 200\"):\n>           assert (\n                response.status_code == 500\n            ), f\"the request with body '{request_model.model_dump()}' returned status code: {response.status_code}\"\nE           AssertionError: the request with body '{'username': 'pmartin', 'password': '^$4RByG(z*', 'email': 'nhill@example.org', 'firstName': None, 'lastName': None}' returned status code: 200\nE           assert 200 == 500\nE            +  where 200 = <Response [200]>.status_code\n\ntests/user/test_user_operations.py:39: AssertionError","steps":[{"name":"Step 1: Register new user with","time":{"start":1769377690964,"stop":1769377691306,"duration":342},"status":"passed","steps":[],"attachments":[],"parameters":[],"stepsCount":0,"shouldDisplayMessage":false,"attachmentsCount":0,"hasContent":false,"attachmentStep":false},{"name":"Step 2: Assert that status code is 200","time":{"start":1769377691306,"stop":1769377691307,"duration":1},"status":"failed","statusMessage":"AssertionError: the request with body '{'username': 'pmartin', 'password': '^$4RByG(z*', 'email': 'nhill@example.org', 'firstName': None, 'lastName': None}' returned status code: 200\nassert 200 == 500\n +  where 200 = <Response [200]>.status_code\n","statusTrace":"  File \"/home/runner/work/python-backend-tests/python-backend-tests/tests/user/test_user_operations.py\", line 39, in test_user_registration\n    assert (\n        response.status_code == 500\n    ), f\"the request with body '{request_model.model_dump()}' returned status code: {response.status_code}\"\n","steps":[],"attachments":[],"parameters":[],"stepsCount":0,"shouldDisplayMessage":true,"attachmentsCount":0,"hasContent":true,"attachmentStep":false}],"attachments":[],"parameters":[],"stepsCount":2,"shouldDisplayMessage":true,"attachmentsCount":0,"hasContent":true,"attachmentStep":false},"afterStages":[{"name":"user_client::0","time":{"start":1769377691351,"stop":1769377691351,"duration":0},"status":"passed","steps":[],"attachments":[],"parameters":[],"stepsCount":0,"shouldDisplayMessage":false,"attachmentsCount":0,"hasContent":false,"attachmentStep":false}],"labels":[{"name":"severity","value":"critical"},{"name":"parentSuite","value":"tests.user"},{"name":"suite","value":"test_user_operations"},{"name":"subSuite","value":"TestUserOperations"},{"name":"host","value":"runnervmymu0l"},{"name":"thread","value":"5044-MainThread"},{"name":"framework","value":"pytest"},{"name":"language","value":"cpython3"},{"name":"package","value":"tests.user.test_user_operations"},{"name":"resultFormat","value":"allure2"}],"parameters":[{"name":"request_model","value":"RegisterUserRequestsModel(username='pmartin', password='^$4RByG(z*', email='nhill@example.org', firstName=None, lastName=None)"}],"links":[],"hidden":false,"retry":false,"extra":{"severity":"critical","retries":[],"categories":[{"name":"Product defects","matchedStatuses":[],"flaky":false}],"tags":[]},"source":"658788fa2bb3f483.json","parameterValues":["RegisterUserRequestsModel(username='pmartin', password='^$4RByG(z*', email='nhill@example.org', firstName=None, lastName=None)"]}