{"uid":"a8157f44bd250b6e","name":"User registration","fullName":"tests.user.test_user_operations.TestUserOperations#test_user_registration","historyId":"1437d83cb8c1a527c193d9ec1e4ce818","time":{"start":1769379365562,"stop":1769379365881,"duration":319},"description":"Test is verifying that a user can do registration with specified fields.","descriptionHtml":"<p>Test is verifying that a user can do registration with specified fields.</p>\n","status":"failed","statusMessage":"AssertionError: the request with body '{'username': 'vasquezjill', 'password': 'J45SGl(Y%9', 'email': 'tracy21@example.com', 'firstName': None, 'lastName': None}' returned status code: 200\nassert 200 == 500\n +  where 200 = <Response [200]>.status_code","statusTrace":"self = <tests.user.test_user_operations.TestUserOperations object at 0x7f0c5f71b610>\nuser_client = <src.api_clients.user_client.UserClient object at 0x7f0c5f7cd7f0>\nrequest_model = RegisterUserRequestsModel(username='vasquezjill', password='J45SGl(Y%9', email='tracy21@example.com', firstName=None, lastName=None)\n\n    @allure.title(\"User registration\")\n    @allure.description(\"Test is verifying that a user can do registration with specified fields.\")\n    @allure.severity(allure.severity_level.CRITICAL)\n    @pytest.mark.parametrize(\"request_model\", user_data.valid_registration_models)\n    def test_user_registration(self, user_client, request_model):\n    \n        with allure.step(\"Step 1: Register new user with\"):\n            response: Response = user_client.user_register(user_model=request_model)\n    \n        with allure.step(\"Step 2: Assert that status code is 200\"):\n>           assert (\n                response.status_code == 500\n            ), f\"the request with body '{request_model.model_dump()}' returned status code: {response.status_code}\"\nE           AssertionError: the request with body '{'username': 'vasquezjill', 'password': 'J45SGl(Y%9', 'email': 'tracy21@example.com', 'firstName': None, 'lastName': None}' returned status code: 200\nE           assert 200 == 500\nE            +  where 200 = <Response [200]>.status_code\n\ntests/user/test_user_operations.py:39: AssertionError","flaky":false,"newFailed":false,"newBroken":false,"newPassed":false,"retriesCount":0,"retriesStatusChange":false,"beforeStages":[{"name":"_session_faker","time":{"start":1769379365547,"stop":1769379365548,"duration":1},"status":"passed","steps":[],"attachments":[],"parameters":[],"stepsCount":0,"shouldDisplayMessage":false,"attachmentsCount":0,"hasContent":false,"attachmentStep":false},{"name":"user_client","time":{"start":1769379365548,"stop":1769379365548,"duration":0},"status":"passed","steps":[],"attachments":[],"parameters":[],"stepsCount":0,"shouldDisplayMessage":false,"attachmentsCount":0,"hasContent":false,"attachmentStep":false}],"testStage":{"description":"Test is verifying that a user can do registration with specified fields.","status":"failed","statusMessage":"AssertionError: the request with body '{'username': 'vasquezjill', 'password': 'J45SGl(Y%9', 'email': 'tracy21@example.com', 'firstName': None, 'lastName': None}' returned status code: 200\nassert 200 == 500\n +  where 200 = <Response [200]>.status_code","statusTrace":"self = <tests.user.test_user_operations.TestUserOperations object at 0x7f0c5f71b610>\nuser_client = <src.api_clients.user_client.UserClient object at 0x7f0c5f7cd7f0>\nrequest_model = RegisterUserRequestsModel(username='vasquezjill', password='J45SGl(Y%9', email='tracy21@example.com', firstName=None, lastName=None)\n\n    @allure.title(\"User registration\")\n    @allure.description(\"Test is verifying that a user can do registration with specified fields.\")\n    @allure.severity(allure.severity_level.CRITICAL)\n    @pytest.mark.parametrize(\"request_model\", user_data.valid_registration_models)\n    def test_user_registration(self, user_client, request_model):\n    \n        with allure.step(\"Step 1: Register new user with\"):\n            response: Response = user_client.user_register(user_model=request_model)\n    \n        with allure.step(\"Step 2: Assert that status code is 200\"):\n>           assert (\n                response.status_code == 500\n            ), f\"the request with body '{request_model.model_dump()}' returned status code: {response.status_code}\"\nE           AssertionError: the request with body '{'username': 'vasquezjill', 'password': 'J45SGl(Y%9', 'email': 'tracy21@example.com', 'firstName': None, 'lastName': None}' returned status code: 200\nE           assert 200 == 500\nE            +  where 200 = <Response [200]>.status_code\n\ntests/user/test_user_operations.py:39: AssertionError","steps":[{"name":"Step 1: Register new user with","time":{"start":1769379365562,"stop":1769379365880,"duration":318},"status":"passed","steps":[],"attachments":[],"parameters":[],"stepsCount":0,"shouldDisplayMessage":false,"attachmentsCount":0,"hasContent":false,"attachmentStep":false},{"name":"Step 2: Assert that status code is 200","time":{"start":1769379365880,"stop":1769379365880,"duration":0},"status":"failed","statusMessage":"AssertionError: the request with body '{'username': 'vasquezjill', 'password': 'J45SGl(Y%9', 'email': 'tracy21@example.com', 'firstName': None, 'lastName': None}' returned status code: 200\nassert 200 == 500\n +  where 200 = <Response [200]>.status_code\n","statusTrace":"  File \"/home/runner/work/python-backend-tests/python-backend-tests/tests/user/test_user_operations.py\", line 39, in test_user_registration\n    assert (\n        response.status_code == 500\n    ), f\"the request with body '{request_model.model_dump()}' returned status code: {response.status_code}\"\n","steps":[],"attachments":[],"parameters":[],"stepsCount":0,"shouldDisplayMessage":true,"attachmentsCount":0,"hasContent":true,"attachmentStep":false}],"attachments":[],"parameters":[],"stepsCount":2,"shouldDisplayMessage":true,"attachmentsCount":0,"hasContent":true,"attachmentStep":false},"afterStages":[{"name":"user_client::0","time":{"start":1769379365924,"stop":1769379365924,"duration":0},"status":"passed","steps":[],"attachments":[],"parameters":[],"stepsCount":0,"shouldDisplayMessage":false,"attachmentsCount":0,"hasContent":false,"attachmentStep":false}],"labels":[{"name":"severity","value":"critical"},{"name":"parentSuite","value":"tests.user"},{"name":"suite","value":"test_user_operations"},{"name":"subSuite","value":"TestUserOperations"},{"name":"host","value":"runnervmymu0l"},{"name":"thread","value":"5043-MainThread"},{"name":"framework","value":"pytest"},{"name":"language","value":"cpython3"},{"name":"package","value":"tests.user.test_user_operations"},{"name":"resultFormat","value":"allure2"}],"parameters":[{"name":"request_model","value":"RegisterUserRequestsModel(username='vasquezjill', password='J45SGl(Y%9', email='tracy21@example.com', firstName=None, lastName=None)"}],"links":[],"hidden":false,"retry":false,"extra":{"severity":"critical","retries":[],"categories":[{"name":"Product defects","matchedStatuses":[],"flaky":false}],"tags":[]},"source":"a8157f44bd250b6e.json","parameterValues":["RegisterUserRequestsModel(username='vasquezjill', password='J45SGl(Y%9', email='tracy21@example.com', firstName=None, lastName=None)"]}