{"uid":"f4d0fd247c4277d3","name":"User registration","fullName":"tests.user.test_user_operations.TestUserOperations#test_user_registration","historyId":"22ea6b642bf58f1b3f9ef4f5d3ad1d7f","time":{"start":1769377893872,"stop":1769377893900,"duration":28},"description":"Test is verifying that a user can do registration with specified fields.","descriptionHtml":"<p>Test is verifying that a user can do registration with specified fields.</p>\n","status":"failed","statusMessage":"AssertionError: the request with body '{'username': 'laurenmartin', 'password': '*x8!cAZoGQ', 'email': 'timothy47@example.com', 'firstName': 'Brian', 'lastName': 'Reyes'}' returned status code: 200\nassert 200 == 500\n +  where 200 = <Response [200]>.status_code","statusTrace":"self = <tests.user.test_user_operations.TestUserOperations object at 0x7f0f1f2ff750>\nuser_client = <src.api_clients.user_client.UserClient object at 0x7f0f1f029d10>\nrequest_model = RegisterUserRequestsModel(username='laurenmartin', password='*x8!cAZoGQ', email='timothy47@example.com', firstName='Brian', lastName='Reyes')\n\n    @allure.title(\"User registration\")\n    @allure.description(\"Test is verifying that a user can do registration with specified fields.\")\n    @allure.severity(allure.severity_level.CRITICAL)\n    @pytest.mark.parametrize(\"request_model\", user_data.valid_registration_models)\n    def test_user_registration(self, user_client, request_model):\n    \n        with allure.step(\"Step 1: Register new user with\"):\n            response: Response = user_client.user_register(user_model=request_model)\n    \n        with allure.step(\"Step 2: Assert that status code is 200\"):\n>           assert (\n                response.status_code == 500\n            ), f\"the request with body '{request_model.model_dump()}' returned status code: {response.status_code}\"\nE           AssertionError: the request with body '{'username': 'laurenmartin', 'password': '*x8!cAZoGQ', 'email': 'timothy47@example.com', 'firstName': 'Brian', 'lastName': 'Reyes'}' returned status code: 200\nE           assert 200 == 500\nE            +  where 200 = <Response [200]>.status_code\n\ntests/user/test_user_operations.py:39: AssertionError","flaky":false,"newFailed":false,"newBroken":false,"newPassed":false,"retriesCount":0,"retriesStatusChange":false,"beforeStages":[{"name":"_session_faker","time":{"start":1769377893503,"stop":1769377893503,"duration":0},"status":"passed","steps":[],"attachments":[],"parameters":[],"stepsCount":0,"shouldDisplayMessage":false,"attachmentsCount":0,"hasContent":false,"attachmentStep":false},{"name":"user_client","time":{"start":1769377893872,"stop":1769377893872,"duration":0},"status":"passed","steps":[],"attachments":[],"parameters":[],"stepsCount":0,"shouldDisplayMessage":false,"attachmentsCount":0,"hasContent":false,"attachmentStep":false}],"testStage":{"description":"Test is verifying that a user can do registration with specified fields.","status":"failed","statusMessage":"AssertionError: the request with body '{'username': 'laurenmartin', 'password': '*x8!cAZoGQ', 'email': 'timothy47@example.com', 'firstName': 'Brian', 'lastName': 'Reyes'}' returned status code: 200\nassert 200 == 500\n +  where 200 = <Response [200]>.status_code","statusTrace":"self = <tests.user.test_user_operations.TestUserOperations object at 0x7f0f1f2ff750>\nuser_client = <src.api_clients.user_client.UserClient object at 0x7f0f1f029d10>\nrequest_model = RegisterUserRequestsModel(username='laurenmartin', password='*x8!cAZoGQ', email='timothy47@example.com', firstName='Brian', lastName='Reyes')\n\n    @allure.title(\"User registration\")\n    @allure.description(\"Test is verifying that a user can do registration with specified fields.\")\n    @allure.severity(allure.severity_level.CRITICAL)\n    @pytest.mark.parametrize(\"request_model\", user_data.valid_registration_models)\n    def test_user_registration(self, user_client, request_model):\n    \n        with allure.step(\"Step 1: Register new user with\"):\n            response: Response = user_client.user_register(user_model=request_model)\n    \n        with allure.step(\"Step 2: Assert that status code is 200\"):\n>           assert (\n                response.status_code == 500\n            ), f\"the request with body '{request_model.model_dump()}' returned status code: {response.status_code}\"\nE           AssertionError: the request with body '{'username': 'laurenmartin', 'password': '*x8!cAZoGQ', 'email': 'timothy47@example.com', 'firstName': 'Brian', 'lastName': 'Reyes'}' returned status code: 200\nE           assert 200 == 500\nE            +  where 200 = <Response [200]>.status_code\n\ntests/user/test_user_operations.py:39: AssertionError","steps":[{"name":"Step 1: Register new user with","time":{"start":1769377893872,"stop":1769377893899,"duration":27},"status":"passed","steps":[],"attachments":[],"parameters":[],"stepsCount":0,"shouldDisplayMessage":false,"attachmentsCount":0,"hasContent":false,"attachmentStep":false},{"name":"Step 2: Assert that status code is 200","time":{"start":1769377893899,"stop":1769377893899,"duration":0},"status":"failed","statusMessage":"AssertionError: the request with body '{'username': 'laurenmartin', 'password': '*x8!cAZoGQ', 'email': 'timothy47@example.com', 'firstName': 'Brian', 'lastName': 'Reyes'}' returned status code: 200\nassert 200 == 500\n +  where 200 = <Response [200]>.status_code\n","statusTrace":"  File \"/home/runner/work/python-backend-tests/python-backend-tests/tests/user/test_user_operations.py\", line 39, in test_user_registration\n    assert (\n        response.status_code == 500\n    ), f\"the request with body '{request_model.model_dump()}' returned status code: {response.status_code}\"\n","steps":[],"attachments":[],"parameters":[],"stepsCount":0,"shouldDisplayMessage":true,"attachmentsCount":0,"hasContent":true,"attachmentStep":false}],"attachments":[],"parameters":[],"stepsCount":2,"shouldDisplayMessage":true,"attachmentsCount":0,"hasContent":true,"attachmentStep":false},"afterStages":[{"name":"user_client::0","time":{"start":1769377893902,"stop":1769377893902,"duration":0},"status":"passed","steps":[],"attachments":[],"parameters":[],"stepsCount":0,"shouldDisplayMessage":false,"attachmentsCount":0,"hasContent":false,"attachmentStep":false}],"labels":[{"name":"severity","value":"critical"},{"name":"parentSuite","value":"tests.user"},{"name":"suite","value":"test_user_operations"},{"name":"subSuite","value":"TestUserOperations"},{"name":"host","value":"runnervmymu0l"},{"name":"thread","value":"5027-MainThread"},{"name":"framework","value":"pytest"},{"name":"language","value":"cpython3"},{"name":"package","value":"tests.user.test_user_operations"},{"name":"resultFormat","value":"allure2"}],"parameters":[{"name":"request_model","value":"RegisterUserRequestsModel(username='laurenmartin', password='*x8!cAZoGQ', email='timothy47@example.com', firstName='Brian', lastName='Reyes')"}],"links":[],"hidden":false,"retry":false,"extra":{"severity":"critical","retries":[],"categories":[{"name":"Product defects","matchedStatuses":[],"flaky":false}],"tags":[]},"source":"f4d0fd247c4277d3.json","parameterValues":["RegisterUserRequestsModel(username='laurenmartin', password='*x8!cAZoGQ', email='timothy47@example.com', firstName='Brian', lastName='Reyes')"]}